<?xml version="1.0" encoding="UTF-8"?>
<!-- Generated by org.testng.reporters.JUnitReportReporter -->
<testsuite hostname="DESKTOP-9R21U0Q" failures="0" tests="1" name="Amezon.testing.Launch" time="15.226" errors="0" timestamp="2022-08-26T19:45:08 EDT" skipped="0">
  <testcase classname="Amezon.testing.Launch" name="google" time="15.226"/>
  <system-out/>
</testsuite> <!-- Amezon.testing.Launch -->
